<testsuite errors="0" failures="0" name="" tests="32" time="16.050">
<testcase classname="test_task1.TestTask1" name="test1_1" time="0.646"/>
<testcase classname="test_task1.TestTask1" name="test1_2" time="0.585"/>
<testcase classname="test_task1.TestTask1" name="test1_3" time="0.563"/>
<testcase classname="test_task1.TestTask1" name="test1_4" time="0.584"/>
<testcase classname="test_task1.TestTask1" name="test1_5" time="0.560"/>
<testcase classname="test_task1.TestTask1" name="test1_pseudoinstructions" time="0.008"/>
<testcase classname="test_task2.Testtask2" name="test2_1" time="0.558"/>
<testcase classname="test_task2.Testtask2" name="test2_2" time="0.535"/>
<testcase classname="test_task2.Testtask2" name="test2_3" time="0.570"/>
<testcase classname="test_task2.Testtask2" name="test2_4" time="0.544"/>
<testcase classname="test_task2.Testtask2" name="test2_5" time="0.563"/>
<testcase classname="test_task2.Testtask2" name="test2_pseudoinstructions" time="0.003"/>
<testcase classname="test_task3.TestTask3" name="test3_1" time="0.567"/>
<testcase classname="test_task3.TestTask3" name="test3_2" time="0.559"/>
<testcase classname="test_task3.TestTask3" name="test3_3" time="0.580"/>
<testcase classname="test_task3.TestTask3" name="test3_4" time="0.577"/>
<testcase classname="test_task3.TestTask3" name="test3_5" time="0.577"/>
<testcase classname="test_task3.TestTask3" name="test3_pseudoinstructions" time="0.004"/>
<testcase classname="test_task4.TestTask4" name="test4_1" time="0.574"/>
<testcase classname="test_task4.TestTask4" name="test4_2" time="0.610"/>
<testcase classname="test_task4.TestTask4" name="test4_3" time="0.618"/>
<testcase classname="test_task4.TestTask4" name="test4_4" time="0.648"/>
<testcase classname="test_task4.TestTask4" name="test4_5" time="0.591"/>
<testcase classname="test_task4.TestTask4" name="test4_main" time="0.589"/>
<testcase classname="test_task4.TestTask4" name="test4_pseudoinstructions" time="0.004"/>
<testcase classname="test_task5.TestTask5" name="test5_1" time="0.604"/>
<testcase classname="test_task5.TestTask5" name="test5_2" time="0.618"/>
<testcase classname="test_task5.TestTask5" name="test5_3" time="0.702"/>
<testcase classname="test_task5.TestTask5" name="test5_4" time="0.663"/>
<testcase classname="test_task5.TestTask5" name="test5_5" time="0.617"/>
<testcase classname="test_task5.TestTask5" name="test5_main" time="0.618"/>
<testcase classname="test_task5.TestTask5" name="test5_pseudoinstructions" time="0.004"/>
</testsuite>
